<?xml version="1.0" encoding="UTF-8"?>
<testng-results ignored="0" total="2" passed="2" failed="0" skipped="0">
  <reporter-output>
  </reporter-output>
  <suite started-at="2026-02-19T16:34:51 IST" name="Grid Suite" finished-at="2026-02-19T16:35:13 IST" duration-ms="22141">
    <groups>
    </groups>
    <test started-at="2026-02-19T16:34:51 IST" name="Chrome_Test" finished-at="2026-02-19T16:35:11 IST" duration-ms="19849">
      <class name="demo.GridLoginTest">
        <test-method is-config="true" signature="setUp(java.lang.String,java.lang.String)[pri:0, instance:demo.GridLoginTest@6ae5aa72]" started-at="2026-02-19T16:34:51 IST" name="setUp" finished-at="2026-02-19T16:34:55 IST" duration-ms="3574" status="PASS">
          <params>
            <param index="0">
              <value>
                <![CDATA[chrome]]>
              </value>
            </param>
            <param index="1">
              <value>
                <![CDATA[http://localhost:4444]]>
              </value>
            </param>
          </params>
          <reporter-output>
          </reporter-output>
        </test-method> <!-- setUp -->
        <test-method signature="openHomePageAndVerifyTitle()[pri:0, instance:demo.GridLoginTest@6ae5aa72]" started-at="2026-02-19T16:34:55 IST" name="openHomePageAndVerifyTitle" finished-at="2026-02-19T16:35:02 IST" duration-ms="7206" status="PASS">
          <reporter-output>
          </reporter-output>
        </test-method> <!-- openHomePageAndVerifyTitle -->
        <test-method is-config="true" signature="tearDown()[pri:0, instance:demo.GridLoginTest@6ae5aa72]" started-at="2026-02-19T16:35:02 IST" name="tearDown" finished-at="2026-02-19T16:35:11 IST" duration-ms="8999" status="PASS">
          <reporter-output>
          </reporter-output>
        </test-method> <!-- tearDown -->
      </class> <!-- demo.GridLoginTest -->
    </test> <!-- Chrome_Test -->
    <test started-at="2026-02-19T16:34:51 IST" name="Firefox_Test" finished-at="2026-02-19T16:35:13 IST" duration-ms="22141">
      <class name="demo.GridLoginTest">
        <test-method is-config="true" signature="setUp(java.lang.String,java.lang.String)[pri:0, instance:demo.GridLoginTest@411f53a0]" started-at="2026-02-19T16:34:51 IST" name="setUp" finished-at="2026-02-19T16:35:03 IST" duration-ms="12032" status="PASS">
          <params>
            <param index="0">
              <value>
                <![CDATA[firefox]]>
              </value>
            </param>
            <param index="1">
              <value>
                <![CDATA[http://localhost:4444]]>
              </value>
            </param>
          </params>
          <reporter-output>
          </reporter-output>
        </test-method> <!-- setUp -->
        <test-method signature="openHomePageAndVerifyTitle()[pri:0, instance:demo.GridLoginTest@411f53a0]" started-at="2026-02-19T16:35:03 IST" name="openHomePageAndVerifyTitle" finished-at="2026-02-19T16:35:07 IST" duration-ms="3831" status="PASS">
          <reporter-output>
          </reporter-output>
        </test-method> <!-- openHomePageAndVerifyTitle -->
        <test-method is-config="true" signature="tearDown()[pri:0, instance:demo.GridLoginTest@411f53a0]" started-at="2026-02-19T16:35:07 IST" name="tearDown" finished-at="2026-02-19T16:35:13 IST" duration-ms="6213" status="PASS">
          <reporter-output>
          </reporter-output>
        </test-method> <!-- tearDown -->
      </class> <!-- demo.GridLoginTest -->
    </test> <!-- Firefox_Test -->
  </suite> <!-- Grid Suite -->
</testng-results>
